*** Starting uWSGI 2.0.18 (64bit) on [Fri Oct 18 19:44:44 2019] ***
compiled with version: 6.3.0 20170516 on 17 October 2019 02:59:34
os: Linux-4.15.0-30deepin-generic #31 SMP Fri Nov 30 04:29:02 UTC 2018
nodename: mimi-PC
machine: x86_64
clock source: unix
pcre jit disabled
detected number of CPU cores: 8
current working directory: /home/mimi/PycharmProjects/python1905/axf
writing pidfile to uwsgi.pid
detected binary path: /home/mimi/python_env/bin/uwsgi
chdir() to /home/mimi/PycharmProjects/python1905/axf
your processes number limit is 30909
your memory page size is 4096 bytes
detected max file descriptor number: 1048576
lock engine: pthread robust mutexes
thunder lock: disabled (you can enable it with --thunder-lock)
uwsgi socket 0 bound to TCP address 0.0.0.0:8888 fd 3
Python version: 3.5.3 (default, Sep 27 2018, 17:25:39)  [GCC 6.3.0 20170516]
Python main interpreter initialized at 0x5640fad0b350
python threads support enabled
your server socket listen backlog is limited to 100 connections
your mercy for graceful operations on workers is 60 seconds
mapped 834320 bytes (814 KB) for 40 cores
*** Operational MODE: preforking+threaded ***
WSGI app 0 (mountpoint='') ready in 1 seconds on interpreter 0x5640fad0b350 pid: 2739 (default app)
*** uWSGI is running in multiple interpreter mode ***
spawned uWSGI master process (pid: 2739)
spawned uWSGI worker 1 (pid: 2741, cores: 10)
spawned uWSGI worker 2 (pid: 2744, cores: 10)
spawned uWSGI worker 3 (pid: 2752, cores: 10)
spawned uWSGI worker 4 (pid: 2812, cores: 10)
[pid: 2812|app: 0|req: 1/1] 127.0.0.1 () {32 vars in 364 bytes} [Fri Oct 18 19:44:49 2019] GET /wpad.dat => generated 82 bytes in 419 msecs (HTTP/1.1 404) 3 headers in 100 bytes (1 switches on core 0)
SIGINT/SIGQUIT received...killing workers...
worker 1 buried after 1 seconds
worker 2 buried after 1 seconds
worker 3 buried after 1 seconds
worker 4 buried after 1 seconds
goodbye to uWSGI.
*** Starting uWSGI 2.0.18 (64bit) on [Fri Oct 18 19:46:18 2019] ***
compiled with version: 6.3.0 20170516 on 17 October 2019 02:59:34
os: Linux-4.15.0-30deepin-generic #31 SMP Fri Nov 30 04:29:02 UTC 2018
nodename: mimi-PC
machine: x86_64
clock source: unix
pcre jit disabled
detected number of CPU cores: 8
current working directory: /home/mimi/PycharmProjects/python1905/axf
writing pidfile to uwsgi.pid
detected binary path: /home/mimi/python_env/bin/uwsgi
chdir() to /home/mimi/PycharmProjects/python1905/axf
your processes number limit is 30909
your memory page size is 4096 bytes
detected max file descriptor number: 1048576
lock engine: pthread robust mutexes
thunder lock: disabled (you can enable it with --thunder-lock)
uwsgi socket 0 bound to TCP address 0.0.0.0:8888 fd 3
Python version: 3.5.3 (default, Sep 27 2018, 17:25:39)  [GCC 6.3.0 20170516]
Python main interpreter initialized at 0x55e1ceb93350
python threads support enabled
your server socket listen backlog is limited to 100 connections
your mercy for graceful operations on workers is 60 seconds
mapped 834320 bytes (814 KB) for 40 cores
*** Operational MODE: preforking+threaded ***
WSGI app 0 (mountpoint='') ready in 0 seconds on interpreter 0x55e1ceb93350 pid: 2965 (default app)
*** uWSGI is running in multiple interpreter mode ***
spawned uWSGI master process (pid: 2965)
spawned uWSGI worker 1 (pid: 2967, cores: 10)
spawned uWSGI worker 2 (pid: 2968, cores: 10)
spawned uWSGI worker 3 (pid: 2978, cores: 10)
spawned uWSGI worker 4 (pid: 2992, cores: 10)
invalid request block size: 21573 (max 4096)...skip
invalid request block size: 21573 (max 4096)...skip
invalid request block size: 21573 (max 4096)...skip
invalid request block size: 21573 (max 4096)...skip
invalid request block size: 21573 (max 4096)...skip
invalid request block size: 21573 (max 4096)...skip
invalid request block size: 21573 (max 4096)...skip
invalid request block size: 21573 (max 4096)...skip
invalid request block size: 21573 (max 4096)...skip
invalid request block size: 21573 (max 4096)...skip
SIGINT/SIGQUIT received...killing workers...
worker 1 buried after 1 seconds
worker 2 buried after 1 seconds
worker 3 buried after 1 seconds
worker 4 buried after 1 seconds
goodbye to uWSGI.
*** Starting uWSGI 2.0.18 (64bit) on [Fri Oct 18 19:49:35 2019] ***
compiled with version: 6.3.0 20170516 on 17 October 2019 02:59:34
os: Linux-4.15.0-30deepin-generic #31 SMP Fri Nov 30 04:29:02 UTC 2018
nodename: mimi-PC
machine: x86_64
clock source: unix
pcre jit disabled
detected number of CPU cores: 8
current working directory: /home/mimi/PycharmProjects/python1905/axf
writing pidfile to uwsgi.pid
detected binary path: /home/mimi/python_env/bin/uwsgi
chdir() to /home/mimi/PycharmProjects/python1905/axf
your processes number limit is 30909
your memory page size is 4096 bytes
detected max file descriptor number: 1048576
lock engine: pthread robust mutexes
thunder lock: disabled (you can enable it with --thunder-lock)
uwsgi socket 0 bound to TCP address 0.0.0.0:8888 fd 3
Python version: 3.5.3 (default, Sep 27 2018, 17:25:39)  [GCC 6.3.0 20170516]
Python main interpreter initialized at 0x556d8164e350
python threads support enabled
your server socket listen backlog is limited to 100 connections
your mercy for graceful operations on workers is 60 seconds
mapped 834320 bytes (814 KB) for 40 cores
*** Operational MODE: preforking+threaded ***
WSGI app 0 (mountpoint='') ready in 0 seconds on interpreter 0x556d8164e350 pid: 3345 (default app)
*** uWSGI is running in multiple interpreter mode ***
spawned uWSGI master process (pid: 3345)
spawned uWSGI worker 1 (pid: 3368, cores: 10)
spawned uWSGI worker 2 (pid: 3379, cores: 10)
spawned uWSGI worker 3 (pid: 3400, cores: 10)
spawned uWSGI worker 4 (pid: 3420, cores: 10)
invalid request block size: 21573 (max 4096)...skip
invalid request block size: 21573 (max 4096)...skip
invalid request block size: 21573 (max 4096)...skip
invalid request block size: 21573 (max 4096)...skip
[pid: 3420|app: 0|req: 1/1] 127.0.0.1 () {42 vars in 788 bytes} [Fri Oct 18 19:50:02 2019] GET /axfmine/mine/ => generated 5961 bytes in 331 msecs (HTTP/1.1 200) 4 headers in 124 bytes (1 switches on core 7)
[pid: 3400|app: 0|req: 1/2] 127.0.0.1 () {44 vars in 834 bytes} [Fri Oct 18 19:50:06 2019] GET /axfcart/cart/ => generated 3630 bytes in 152 msecs (HTTP/1.1 200) 4 headers in 124 bytes (1 switches on core 6)
[pid: 3379|app: 0|req: 1/3] 127.0.0.1 () {44 vars in 834 bytes} [Fri Oct 18 19:50:07 2019] GET /axfmine/mine/ => generated 5961 bytes in 33 msecs (HTTP/1.1 200) 4 headers in 124 bytes (1 switches on core 3)
[pid: 3420|app: 0|req: 2/4] 127.0.0.1 () {44 vars in 834 bytes} [Fri Oct 18 19:50:08 2019] GET /axfcart/cart/ => generated 3630 bytes in 9 msecs (HTTP/1.1 200) 4 headers in 124 bytes (1 switches on core 4)
[pid: 3420|app: 0|req: 3/5] 127.0.0.1 () {44 vars in 834 bytes} [Fri Oct 18 19:50:09 2019] GET /axfmine/mine/ => generated 5961 bytes in 6 msecs (HTTP/1.1 200) 4 headers in 124 bytes (1 switches on core 6)
[pid: 3420|app: 0|req: 4/6] 127.0.0.1 () {44 vars in 834 bytes} [Fri Oct 18 19:50:10 2019] GET /axfcart/cart/ => generated 3630 bytes in 5 msecs (HTTP/1.1 200) 4 headers in 124 bytes (1 switches on core 8)
[pid: 3420|app: 0|req: 5/7] 127.0.0.1 () {44 vars in 834 bytes} [Fri Oct 18 20:10:23 2019] GET /axfmine/mine/ => generated 5961 bytes in 7 msecs (HTTP/1.1 200) 4 headers in 124 bytes (1 switches on core 9)
[pid: 3420|app: 0|req: 6/8] 127.0.0.1 () {44 vars in 834 bytes} [Fri Oct 18 20:10:24 2019] GET /axfcart/cart/ => generated 3630 bytes in 8 msecs (HTTP/1.1 200) 4 headers in 124 bytes (1 switches on core 0)
[pid: 3400|app: 0|req: 2/9] 127.0.0.1 () {44 vars in 842 bytes} [Fri Oct 18 20:10:24 2019] GET /axfmarket/market/ => generated 10530 bytes in 47 msecs (HTTP/1.1 200) 3 headers in 111 bytes (1 switches on core 9)
[pid: 3420|app: 0|req: 7/10] 127.0.0.1 () {44 vars in 838 bytes} [Fri Oct 18 20:10:24 2019] GET /axfcart/cart/ => generated 3630 bytes in 7 msecs (HTTP/1.1 200) 4 headers in 124 bytes (1 switches on core 5)
[pid: 3420|app: 0|req: 8/11] 127.0.0.1 () {44 vars in 834 bytes} [Fri Oct 18 20:10:25 2019] GET /axfmine/mine/ => generated 5961 bytes in 6 msecs (HTTP/1.1 200) 4 headers in 124 bytes (1 switches on core 3)
[pid: 3420|app: 0|req: 9/12] 127.0.0.1 () {32 vars in 364 bytes} [Fri Oct 18 20:14:49 2019] GET /wpad.dat => generated 82 bytes in 1 msecs (HTTP/1.1 404) 3 headers in 100 bytes (1 switches on core 7)
[pid: 3420|app: 0|req: 10/13] 127.0.0.1 () {32 vars in 364 bytes} [Fri Oct 18 20:14:57 2019] GET /wpad.dat => generated 82 bytes in 0 msecs (HTTP/1.1 404) 3 headers in 100 bytes (1 switches on core 2)
SIGINT/SIGQUIT received...killing workers...
worker 1 buried after 1 seconds
worker 2 buried after 1 seconds
worker 3 buried after 1 seconds
worker 4 buried after 1 seconds
goodbye to uWSGI.
*** Starting uWSGI 2.0.18 (64bit) on [Fri Oct 18 21:33:49 2019] ***
compiled with version: 6.3.0 20170516 on 17 October 2019 02:59:34
os: Linux-4.15.0-30deepin-generic #31 SMP Fri Nov 30 04:29:02 UTC 2018
nodename: mimi-PC
machine: x86_64
clock source: unix
pcre jit disabled
detected number of CPU cores: 8
current working directory: /home/mimi/PycharmProjects/python1905/axf
writing pidfile to uwsgi.pid
detected binary path: /home/mimi/python_env/bin/uwsgi
chdir() to /home/mimi/PycharmProjects/python1905/axf
your processes number limit is 30909
your memory page size is 4096 bytes
detected max file descriptor number: 1048576
lock engine: pthread robust mutexes
thunder lock: disabled (you can enable it with --thunder-lock)
uwsgi socket 0 bound to TCP address 0.0.0.0:8888 fd 3
Python version: 3.5.3 (default, Sep 27 2018, 17:25:39)  [GCC 6.3.0 20170516]
Python main interpreter initialized at 0x55cd08fa6350
python threads support enabled
your server socket listen backlog is limited to 100 connections
your mercy for graceful operations on workers is 60 seconds
mapped 834320 bytes (814 KB) for 40 cores
*** Operational MODE: preforking+threaded ***
WSGI app 0 (mountpoint='') ready in 0 seconds on interpreter 0x55cd08fa6350 pid: 10611 (default app)
*** uWSGI is running in multiple interpreter mode ***
spawned uWSGI master process (pid: 10611)
spawned uWSGI worker 1 (pid: 10659, cores: 10)
spawned uWSGI worker 2 (pid: 10663, cores: 10)
spawned uWSGI worker 3 (pid: 10670, cores: 10)
spawned uWSGI worker 4 (pid: 10689, cores: 10)
[pid: 10689|app: 0|req: 1/1] 127.0.0.1 () {42 vars in 818 bytes} [Fri Oct 18 21:34:49 2019] GET /axfmine/mine/ => generated 5961 bytes in 196 msecs (HTTP/1.1 200) 4 headers in 124 bytes (1 switches on core 0)
[pid: 10689|app: 0|req: 2/2] 127.0.0.1 () {42 vars in 746 bytes} [Fri Oct 18 21:34:50 2019] GET /favicon.ico => generated 85 bytes in 4 msecs (HTTP/1.1 404) 3 headers in 100 bytes (1 switches on core 1)
[pid: 10689|app: 0|req: 3/3] 127.0.0.1 () {44 vars in 864 bytes} [Fri Oct 18 21:34:52 2019] GET /axfmine/mine/ => generated 5961 bytes in 5 msecs (HTTP/1.1 200) 4 headers in 124 bytes (1 switches on core 4)
[pid: 10689|app: 0|req: 4/4] 127.0.0.1 () {44 vars in 864 bytes} [Fri Oct 18 21:34:52 2019] GET /axfcart/cart/ => generated 3630 bytes in 8 msecs (HTTP/1.1 200) 4 headers in 124 bytes (1 switches on core 3)
[pid: 10689|app: 0|req: 5/5] 127.0.0.1 () {44 vars in 872 bytes} [Fri Oct 18 21:34:53 2019] GET /axfmarket/market/ => generated 10530 bytes in 11 msecs (HTTP/1.1 200) 3 headers in 111 bytes (1 switches on core 2)
[pid: 10689|app: 0|req: 6/6] 127.0.0.1 () {44 vars in 790 bytes} [Fri Oct 18 21:34:54 2019] GET /axfcart/addToCart/?goodsid=497 => generated 46 bytes in 167 msecs (HTTP/1.1 200) 4 headers in 114 bytes (1 switches on core 5)
[pid: 10670|app: 0|req: 1/7] 127.0.0.1 () {44 vars in 790 bytes} [Fri Oct 18 21:34:55 2019] GET /axfcart/addToCart/?goodsid=496 => generated 46 bytes in 278 msecs (HTTP/1.1 200) 4 headers in 114 bytes (1 switches on core 0)
[pid: 10689|app: 0|req: 7/8] 127.0.0.1 () {44 vars in 790 bytes} [Fri Oct 18 21:34:56 2019] GET /axfcart/addToCart/?goodsid=495 => generated 46 bytes in 146 msecs (HTTP/1.1 200) 4 headers in 114 bytes (1 switches on core 6)
[pid: 10689|app: 0|req: 8/9] 127.0.0.1 () {44 vars in 868 bytes} [Fri Oct 18 21:35:04 2019] GET /axfcart/cart/ => generated 6287 bytes in 13 msecs (HTTP/1.1 200) 4 headers in 124 bytes (1 switches on core 8)
[pid: 10689|app: 0|req: 9/10] 127.0.0.1 () {44 vars in 767 bytes} [Fri Oct 18 21:35:06 2019] GET /axforder/make_order/ => generated 43 bytes in 687 msecs (HTTP/1.1 200) 4 headers in 114 bytes (1 switches on core 9)
[pid: 10689|app: 0|req: 10/11] 127.0.0.1 () {44 vars in 903 bytes} [Fri Oct 18 21:35:06 2019] GET /axforder/order_detail/?order_id=7 => generated 2201 bytes in 31 msecs (HTTP/1.1 200) 3 headers in 110 bytes (1 switches on core 0)
[pid: 10689|app: 0|req: 11/12] 127.0.0.1 () {44 vars in 923 bytes} [Fri Oct 18 21:35:13 2019] GET /axforder/order_detail/?order_id=7 => generated 2201 bytes in 8 msecs (HTTP/1.1 200) 3 headers in 110 bytes (1 switches on core 1)
[pid: 10689|app: 0|req: 12/13] 127.0.0.1 () {48 vars in 976 bytes} [Fri Oct 18 21:39:44 2019] GET /axforder/order_detail/?order_id=7 => generated 2201 bytes in 9 msecs (HTTP/1.1 200) 3 headers in 110 bytes (1 switches on core 4)
[pid: 10689|app: 0|req: 13/14] 127.0.0.1 () {46 vars in 819 bytes} [Fri Oct 18 21:39:44 2019] GET /favicon.ico => generated 85 bytes in 2 msecs (HTTP/1.1 404) 3 headers in 100 bytes (1 switches on core 3)
[pid: 10689|app: 0|req: 14/15] 127.0.0.1 () {32 vars in 364 bytes} [Fri Oct 18 21:44:49 2019] GET /wpad.dat => generated 82 bytes in 0 msecs (HTTP/1.1 404) 3 headers in 100 bytes (1 switches on core 2)
[pid: 10663|app: 0|req: 1/16] 127.0.0.1 () {32 vars in 364 bytes} [Fri Oct 18 22:14:49 2019] GET /wpad.dat => generated 82 bytes in 296 msecs (HTTP/1.1 404) 3 headers in 100 bytes (1 switches on core 0)
[pid: 10689|app: 0|req: 15/17] 127.0.0.1 () {32 vars in 364 bytes} [Fri Oct 18 22:14:57 2019] GET /wpad.dat => generated 82 bytes in 0 msecs (HTTP/1.1 404) 3 headers in 100 bytes (1 switches on core 5)
[pid: 10670|app: 0|req: 2/18] 127.0.0.1 () {32 vars in 364 bytes} [Fri Oct 18 22:44:49 2019] GET /wpad.dat => generated 82 bytes in 7 msecs (HTTP/1.1 404) 3 headers in 100 bytes (1 switches on core 4)
[pid: 10670|app: 0|req: 3/19] 127.0.0.1 () {32 vars in 364 bytes} [Fri Oct 18 23:14:49 2019] GET /wpad.dat => generated 82 bytes in 0 msecs (HTTP/1.1 404) 3 headers in 100 bytes (1 switches on core 0)
[pid: 10689|app: 0|req: 16/20] 127.0.0.1 () {32 vars in 364 bytes} [Fri Oct 18 23:14:57 2019] GET /wpad.dat => generated 82 bytes in 1 msecs (HTTP/1.1 404) 3 headers in 100 bytes (1 switches on core 6)
